[2019-08-06 15:04:55,643][WARN][restartedMain][org.springframework.boot.autoconfigure.orm.jpa.JpaBaseConfiguration$JpaWebConfiguration$JpaWebMvcConfiguration] spring.jpa.open-in-view is enabled by default. Therefore, database queries may be performed during view rendering. Explicitly configure spring.jpa.open-in-view to disable this warning
[2019-08-06 15:05:02,799][WARN][http-nio-8080-exec-1][myhr.controller.BookController] 总页数：7
[2019-08-06 15:05:02,800][WARN][http-nio-8080-exec-1][myhr.controller.BookController] 总记录数：:19
[2019-08-06 15:05:02,801][WARN][http-nio-8080-exec-1][myhr.controller.BookController] 查询结果：[myhr.data.domain.Book@44b02500, myhr.data.domain.Book@347bc960, myhr.data.domain.Book@673eb7ef]
[2019-08-06 15:05:02,801][WARN][http-nio-8080-exec-1][myhr.controller.BookController] 当前页数：21
[2019-08-06 15:05:02,801][WARN][http-nio-8080-exec-1][myhr.controller.BookController] 当前记录数：3
[2019-08-06 15:05:02,801][WARN][http-nio-8080-exec-1][myhr.controller.BookController] 每页记录数：3
[2019-08-06 15:08:02,303][WARN][restartedMain][org.springframework.boot.autoconfigure.orm.jpa.JpaBaseConfiguration$JpaWebConfiguration$JpaWebMvcConfiguration] spring.jpa.open-in-view is enabled by default. Therefore, database queries may be performed during view rendering. Explicitly configure spring.jpa.open-in-view to disable this warning
[2019-08-06 15:08:38,127][WARN][restartedMain][org.springframework.boot.autoconfigure.orm.jpa.JpaBaseConfiguration$JpaWebConfiguration$JpaWebMvcConfiguration] spring.jpa.open-in-view is enabled by default. Therefore, database queries may be performed during view rendering. Explicitly configure spring.jpa.open-in-view to disable this warning
[2019-08-06 15:08:42,467][WARN][http-nio-8080-exec-2][myhr.controller.BookController] 总页数：7
[2019-08-06 15:08:42,468][WARN][http-nio-8080-exec-2][myhr.controller.BookController] 总记录数：:19
[2019-08-06 15:08:42,468][WARN][http-nio-8080-exec-2][myhr.controller.BookController] 查询结果：[myhr.data.domain.Book@3a7ea9c3, myhr.data.domain.Book@7164ac1d, myhr.data.domain.Book@4900bc13]
[2019-08-06 15:08:42,468][WARN][http-nio-8080-exec-2][myhr.controller.BookController] 当前页数：21
[2019-08-06 15:08:42,468][WARN][http-nio-8080-exec-2][myhr.controller.BookController] 当前记录数：3
[2019-08-06 15:08:42,468][WARN][http-nio-8080-exec-2][myhr.controller.BookController] 每页记录数：3
[2019-08-06 15:10:52,439][WARN][http-nio-8080-exec-8][myhr.controller.BookController] 总页数：7
[2019-08-06 15:10:52,440][WARN][http-nio-8080-exec-8][myhr.controller.BookController] 总记录数：:19
[2019-08-06 15:10:52,440][WARN][http-nio-8080-exec-8][myhr.controller.BookController] 查询结果：[myhr.data.domain.Book@42b2ba56, myhr.data.domain.Book@39eeb067, myhr.data.domain.Book@1324d228]
[2019-08-06 15:10:52,441][WARN][http-nio-8080-exec-8][myhr.controller.BookController] 当前页数：21
[2019-08-06 15:10:52,441][WARN][http-nio-8080-exec-8][myhr.controller.BookController] 当前记录数：3
[2019-08-06 15:10:52,441][WARN][http-nio-8080-exec-8][myhr.controller.BookController] 每页记录数：3
[2019-08-06 15:24:45,504][WARN][http-nio-8080-exec-3][myhr.controller.BookController] 总页数：7
[2019-08-06 15:24:45,504][WARN][http-nio-8080-exec-3][myhr.controller.BookController] 总记录数：:19
[2019-08-06 15:24:45,505][WARN][http-nio-8080-exec-3][myhr.controller.BookController] 查询结果：[myhr.data.domain.Book@1449628e, myhr.data.domain.Book@42d86c37, myhr.data.domain.Book@6c9ac945]
[2019-08-06 15:24:45,505][WARN][http-nio-8080-exec-3][myhr.controller.BookController] 当前页数：21
[2019-08-06 15:24:45,505][WARN][http-nio-8080-exec-3][myhr.controller.BookController] 当前记录数：3
[2019-08-06 15:24:45,505][WARN][http-nio-8080-exec-3][myhr.controller.BookController] 每页记录数：3
